<?xml version="1.0" encoding="UTF-8"?>
<!-- Generated by org.testng.reporters.JUnitReportReporter -->
<testsuite skipped="0" hostname="SONY-PC" name="files.StaticJson" tests="1" failures="0" timestamp="20 May 2020 15:18:57 GMT" time="4.291" errors="0">
  <testcase name="addBook" time="4.291" classname="files.StaticJson"/>
</testsuite> <!-- files.StaticJson -->
