<?xml version="1.0" encoding="UTF-8"?>
<!-- Generated by org.testng.reporters.JUnitReportReporter -->
<testsuite skipped="0" hostname="SONY-PC" name="files.SpecBuilderSerializationTest" tests="1" failures="0" timestamp="29 May 2020 12:50:29 GMT" time="3.712" errors="0">
  <testcase name="SerializationGoogleMap" time="3.712" classname="files.SpecBuilderSerializationTest"/>
</testsuite> <!-- files.SpecBuilderSerializationTest -->
