<?xml version="1.0" encoding="UTF-8"?>
<!-- Generated by org.testng.reporters.JUnitReportReporter -->
<testsuite skipped="0" hostname="SONY-PC" name="files.DeserializationTestCarLover" tests="1" failures="0" timestamp="19 May 2020 21:36:13 GMT" time="0.016" errors="0">
  <testcase name="getWeatherDetails" time="0.016" classname="files.DeserializationTestCarLover"/>
</testsuite> <!-- files.DeserializationTestCarLover -->
