<?xml version="1.0" encoding="UTF-8"?>
<!-- Generated by org.testng.reporters.JUnitReportReporter -->
<testsuite skipped="0" hostname="SONY-PC" name="files.DynamicJson" tests="3" failures="0" timestamp="19 May 2020 16:18:46 GMT" time="4.368" errors="0">
  <testcase name="addBook" time="3.172" classname="files.DynamicJson"/>
  <testcase name="addBook" time="0.623" classname="files.DynamicJson"/>
  <testcase name="addBook" time="0.573" classname="files.DynamicJson"/>
</testsuite> <!-- files.DynamicJson -->
