<?xml version="1.0" encoding="UTF-8"?>
<!-- Generated by org.testng.reporters.JUnitReportReporter -->
<testsuite skipped="0" hostname="SONY-PC" name="files.OauthTest" tests="1" failures="0" timestamp="18 May 2020 23:57:22 GMT" time="10.332" errors="0">
  <testcase name="oAuthTest" time="10.332" classname="files.OauthTest"/>
</testsuite> <!-- files.OauthTest -->
