<?xml version="1.0" encoding="UTF-8"?>
<!-- Generated by org.testng.reporters.JUnitReportReporter -->
<testsuite skipped="0" hostname="SONY-PC" name="files.SerializationTest" tests="1" failures="0" timestamp="22 May 2020 13:33:15 GMT" time="3.739" errors="0">
  <testcase name="SerializationGoogleMap" time="3.739" classname="files.SerializationTest"/>
</testsuite> <!-- files.SerializationTest -->
